<?xml version="1.0" encoding="UTF-8"?>
<!-- Generated by org.testng.reporters.JUnitReportReporter -->
<testsuite skipped="0" hostname="DESKTOP-9BMLCIN" name="Nxt.Minds" tests="1" failures="0" timestamp="12 Sep 2018 08:21:02 GMT" time="26.029" errors="0">
  <testcase name="main" time="26.029" classname="Nxt.Minds"/>
</testsuite> <!-- Nxt.Minds -->
