<?xml version="1.0" encoding="UTF-8"?>
<!-- Generated by org.testng.reporters.JUnitReportReporter -->
<testsuite skipped="0" hostname="DESKTOP-9BMLCIN" name="Nxt.minds2" tests="1" failures="0" timestamp="11 Sep 2018 06:35:23 GMT" time="13.626" errors="0">
  <testcase name="main" time="13.626" classname="Nxt.minds2"/>
</testsuite> <!-- Nxt.minds2 -->
