<?xml version="1.0" encoding="UTF-8"?>
<!-- Generated by org.testng.reporters.JUnitReportReporter -->
<testsuite skipped="0" hostname="DESKTOP-9BMLCIN" name="Nxt.minds2" tests="1" failures="0" timestamp="12 Sep 2018 08:21:02 GMT" time="12.340" errors="0">
  <testcase name="main" time="12.340" classname="Nxt.minds2"/>
</testsuite> <!-- Nxt.minds2 -->
