<?xml version="1.0" encoding="UTF-8"?>
<!-- Generated by org.testng.reporters.JUnitReportReporter -->
<testsuite skipped="0" hostname="DESKTOP-9BMLCIN" name="Nxt.Minds" tests="1" failures="0" timestamp="20 Sep 2018 07:20:12 GMT" time="79.593" errors="0">
  <testcase name="main" time="79.593" classname="Nxt.Minds"/>
</testsuite> <!-- Nxt.Minds -->
